{"/home/winvi/testing/codewars-suzuki/src/suzuki.ts": {"path":"/home/winvi/testing/codewars-suzuki/src/suzuki.ts","statementMap":{"0":{"start":{"line":2,"column":21},"end":{"line":2,"column":22}},"1":{"start":{"line":3,"column":4},"end":{"line":7,"column":7}},"2":{"start":{"line":4,"column":8},"end":{"line":6,"column":11}},"3":{"start":{"line":5,"column":12},"end":{"line":5,"column":32}},"4":{"start":{"line":8,"column":4},"end":{"line":8,"column":30}},"5":{"start":{"line":1,"column":0},"end":{"line":1,"column":16}}},"fnMap":{"0":{"name":"stairsInYears","decl":{"start":{"line":1,"column":16},"end":{"line":1,"column":29}},"loc":{"start":{"line":1,"column":63},"end":{"line":10,"column":1}}},"1":{"name":"(anonymous_1)","decl":{"start":{"line":3,"column":19},"end":{"line":3,"column":22}},"loc":{"start":{"line":3,"column":25},"end":{"line":7,"column":5}}},"2":{"name":"(anonymous_2)","decl":{"start":{"line":4,"column":20},"end":{"line":4,"column":25}},"loc":{"start":{"line":4,"column":28},"end":{"line":6,"column":9}}}},"branchMap":{},"s":{"0":1,"1":1,"2":7,"3":364,"4":1,"5":1},"f":{"0":1,"1":7,"2":364},"b":{}}
}
